{"/Users/rprasad8/code/fx-rate-dashboard/fx-rate-dashboard/src/App.js": {"path":"/Users/rprasad8/code/fx-rate-dashboard/fx-rate-dashboard/src/App.js","statementMap":{"0":{"start":{"line":10,"column":2},"end":{"line":16,"column":4}}},"fnMap":{"0":{"name":"App","decl":{"start":{"line":8,"column":9},"end":{"line":8,"column":12}},"loc":{"start":{"line":8,"column":15},"end":{"line":17,"column":1}},"line":8}},"branchMap":{},"s":{"0":3},"f":{"0":3},"b":{},"_coverageSchema":"1a1c01bbd47fc00a2c39e90264f33305004495a9","hash":"d069b7b90f18531f6bdaa287ff879e8cebc8cd24"}
,"/Users/rprasad8/code/fx-rate-dashboard/fx-rate-dashboard/src/constants.js": {"path":"/Users/rprasad8/code/fx-rate-dashboard/fx-rate-dashboard/src/constants.js","statementMap":{"0":{"start":{"line":1,"column":19},"end":{"line":1,"column":24}},"1":{"start":{"line":2,"column":20},"end":{"line":2,"column":26}},"2":{"start":{"line":3,"column":27},"end":{"line":3,"column":40}},"3":{"start":{"line":4,"column":23},"end":{"line":4,"column":32}},"4":{"start":{"line":5,"column":27},"end":{"line":5,"column":40}},"5":{"start":{"line":8,"column":23},"end":{"line":11,"column":1}},"6":{"start":{"line":13,"column":27},"end":{"line":17,"column":1}},"7":{"start":{"line":18,"column":35},"end":{"line":34,"column":1}}},"fnMap":{},"branchMap":{},"s":{"0":3,"1":3,"2":3,"3":3,"4":3,"5":3,"6":3,"7":3},"f":{},"b":{},"_coverageSchema":"1a1c01bbd47fc00a2c39e90264f33305004495a9","hash":"ce4347d1e7103c235614567abf0ec704cbaa1dee"}
,"/Users/rprasad8/code/fx-rate-dashboard/fx-rate-dashboard/src/index.js": {"path":"/Users/rprasad8/code/fx-rate-dashboard/fx-rate-dashboard/src/index.js","statementMap":{"0":{"start":{"line":8,"column":13},"end":{"line":8,"column":65}},"1":{"start":{"line":9,"column":0},"end":{"line":15,"column":2}},"2":{"start":{"line":20,"column":0},"end":{"line":20,"column":18}}},"fnMap":{},"branchMap":{},"s":{"0":0,"1":0,"2":0},"f":{},"b":{}}
,"/Users/rprasad8/code/fx-rate-dashboard/fx-rate-dashboard/src/components/CardContainer/CardContainer.js": {"path":"/Users/rprasad8/code/fx-rate-dashboard/fx-rate-dashboard/src/components/CardContainer/CardContainer.js","statementMap":{"0":{"start":{"line":7,"column":42},"end":{"line":7,"column":77}},"1":{"start":{"line":7,"column":65},"end":{"line":7,"column":76}},"2":{"start":{"line":8,"column":25},"end":{"line":8,"column":33}},"3":{"start":{"line":9,"column":48},"end":{"line":11,"column":3}},"4":{"start":{"line":10,"column":15},"end":{"line":10,"column":26}},"5":{"start":{"line":12,"column":29},"end":{"line":21,"column":3}},"6":{"start":{"line":13,"column":4},"end":{"line":20,"column":5}},"7":{"start":{"line":14,"column":6},"end":{"line":17,"column":9}},"8":{"start":{"line":19,"column":6},"end":{"line":19,"column":65}},"9":{"start":{"line":23,"column":2},"end":{"line":27,"column":29}},"10":{"start":{"line":24,"column":4},"end":{"line":26,"column":5}},"11":{"start":{"line":25,"column":6},"end":{"line":25,"column":26}},"12":{"start":{"line":29,"column":2},"end":{"line":41,"column":4}},"13":{"start":{"line":33,"column":8},"end":{"line":38,"column":10}}},"fnMap":{"0":{"name":"CardContainer","decl":{"start":{"line":6,"column":9},"end":{"line":6,"column":22}},"loc":{"start":{"line":6,"column":25},"end":{"line":42,"column":1}},"line":6},"1":{"name":"(anonymous_1)","decl":{"start":{"line":7,"column":54},"end":{"line":7,"column":55}},"loc":{"start":{"line":7,"column":65},"end":{"line":7,"column":76}},"line":7},"2":{"name":"(anonymous_2)","decl":{"start":{"line":10,"column":4},"end":{"line":10,"column":5}},"loc":{"start":{"line":10,"column":15},"end":{"line":10,"column":26}},"line":10},"3":{"name":"(anonymous_3)","decl":{"start":{"line":12,"column":29},"end":{"line":12,"column":30}},"loc":{"start":{"line":12,"column":35},"end":{"line":21,"column":3}},"line":12},"4":{"name":"(anonymous_4)","decl":{"start":{"line":23,"column":12},"end":{"line":23,"column":13}},"loc":{"start":{"line":23,"column":18},"end":{"line":27,"column":3}},"line":23},"5":{"name":"(anonymous_5)","decl":{"start":{"line":32,"column":22},"end":{"line":32,"column":23}},"loc":{"start":{"line":32,"column":41},"end":{"line":39,"column":7}},"line":32}},"branchMap":{"0":{"loc":{"start":{"line":7,"column":9},"end":{"line":7,"column":24}},"type":"default-arg","locations":[{"start":{"line":7,"column":22},"end":{"line":7,"column":24}}],"line":7},"1":{"loc":{"start":{"line":7,"column":27},"end":{"line":7,"column":38}},"type":"default-arg","locations":[{"start":{"line":7,"column":36},"end":{"line":7,"column":38}}],"line":7},"2":{"loc":{"start":{"line":13,"column":4},"end":{"line":20,"column":5}},"type":"if","locations":[{"start":{"line":13,"column":4},"end":{"line":20,"column":5}},{"start":{"line":18,"column":11},"end":{"line":20,"column":5}}],"line":13},"3":{"loc":{"start":{"line":24,"column":4},"end":{"line":26,"column":5}},"type":"if","locations":[{"start":{"line":24,"column":4},"end":{"line":26,"column":5}},{"start":{},"end":{}}],"line":24}},"s":{"0":0,"1":0,"2":0,"3":0,"4":0,"5":0,"6":0,"7":0,"8":0,"9":0,"10":0,"11":0,"12":0,"13":0},"f":{"0":0,"1":0,"2":0,"3":0,"4":0,"5":0},"b":{"0":[0],"1":[0],"2":[0,0],"3":[0,0]}}
,"/Users/rprasad8/code/fx-rate-dashboard/fx-rate-dashboard/src/components/CardContainer/Card/Card.js": {"path":"/Users/rprasad8/code/fx-rate-dashboard/fx-rate-dashboard/src/components/CardContainer/Card/Card.js","statementMap":{"0":{"start":{"line":26,"column":6},"end":{"line":26,"column":10}},"1":{"start":{"line":28,"column":26},"end":{"line":28,"column":40}},"2":{"start":{"line":29,"column":19},"end":{"line":29,"column":32}},"3":{"start":{"line":37,"column":6},"end":{"line":43,"column":3}},"4":{"start":{"line":45,"column":20},"end":{"line":51,"column":3}},"5":{"start":{"line":46,"column":4},"end":{"line":49,"column":5}},"6":{"start":{"line":47,"column":6},"end":{"line":47,"column":21}},"7":{"start":{"line":48,"column":6},"end":{"line":48,"column":13}},"8":{"start":{"line":50,"column":4},"end":{"line":50,"column":20}},"9":{"start":{"line":52,"column":2},"end":{"line":61,"column":18}},"10":{"start":{"line":53,"column":4},"end":{"line":60,"column":5}},"11":{"start":{"line":54,"column":6},"end":{"line":54,"column":68}},"12":{"start":{"line":55,"column":6},"end":{"line":55,"column":51}},"13":{"start":{"line":56,"column":6},"end":{"line":58,"column":7}},"14":{"start":{"line":57,"column":8},"end":{"line":57,"column":49}},"15":{"start":{"line":59,"column":6},"end":{"line":59,"column":35}},"16":{"start":{"line":63,"column":2},"end":{"line":99,"column":4}}},"fnMap":{"0":{"name":"Card","decl":{"start":{"line":17,"column":9},"end":{"line":17,"column":13}},"loc":{"start":{"line":17,"column":24},"end":{"line":100,"column":1}},"line":17},"1":{"name":"(anonymous_1)","decl":{"start":{"line":45,"column":20},"end":{"line":45,"column":21}},"loc":{"start":{"line":45,"column":32},"end":{"line":51,"column":3}},"line":45},"2":{"name":"(anonymous_2)","decl":{"start":{"line":52,"column":12},"end":{"line":52,"column":13}},"loc":{"start":{"line":52,"column":18},"end":{"line":61,"column":3}},"line":52}},"branchMap":{"0":{"loc":{"start":{"line":32,"column":4},"end":{"line":32,"column":13}},"type":"default-arg","locations":[{"start":{"line":32,"column":11},"end":{"line":32,"column":13}}],"line":32},"1":{"loc":{"start":{"line":46,"column":4},"end":{"line":49,"column":5}},"type":"if","locations":[{"start":{"line":46,"column":4},"end":{"line":49,"column":5}},{"start":{},"end":{}}],"line":46},"2":{"loc":{"start":{"line":53,"column":4},"end":{"line":60,"column":5}},"type":"if","locations":[{"start":{"line":53,"column":4},"end":{"line":60,"column":5}},{"start":{},"end":{}}],"line":53},"3":{"loc":{"start":{"line":53,"column":8},"end":{"line":53,"column":27}},"type":"binary-expr","locations":[{"start":{"line":53,"column":8},"end":{"line":53,"column":12}},{"start":{"line":53,"column":16},"end":{"line":53,"column":27}}],"line":53},"4":{"loc":{"start":{"line":56,"column":6},"end":{"line":58,"column":7}},"type":"if","locations":[{"start":{"line":56,"column":6},"end":{"line":58,"column":7}},{"start":{},"end":{}}],"line":56},"5":{"loc":{"start":{"line":95,"column":7},"end":{"line":97,"column":7}},"type":"binary-expr","locations":[{"start":{"line":95,"column":8},"end":{"line":95,"column":15}},{"start":{"line":95,"column":20},"end":{"line":95,"column":29}},{"start":{"line":95,"column":33},"end":{"line":95,"column":45}},{"start":{"line":96,"column":8},"end":{"line":96,"column":47}}],"line":95}},"s":{"0":4,"1":4,"2":4,"3":4,"4":0,"5":0,"6":0,"7":0,"8":0,"9":0,"10":0,"11":0,"12":0,"13":0,"14":0,"15":0,"16":0},"f":{"0":4,"1":0,"2":0},"b":{"0":[0],"1":[0,0],"2":[0,0],"3":[0,0],"4":[0,0],"5":[0,0,0,0]},"_coverageSchema":"1a1c01bbd47fc00a2c39e90264f33305004495a9","hash":"74c2b4f62994156efe440530e8e984f30c580d48"}
,"/Users/rprasad8/code/fx-rate-dashboard/fx-rate-dashboard/src/components/CardContainer/Card/CardEdit.js": {"path":"/Users/rprasad8/code/fx-rate-dashboard/fx-rate-dashboard/src/components/CardContainer/Card/CardEdit.js","statementMap":{"0":{"start":{"line":17,"column":19},"end":{"line":17,"column":32}},"1":{"start":{"line":19,"column":31},"end":{"line":27,"column":3}},"2":{"start":{"line":20,"column":4},"end":{"line":26,"column":6}},"3":{"start":{"line":28,"column":29},"end":{"line":33,"column":3}},"4":{"start":{"line":29,"column":19},"end":{"line":29,"column":49}},"5":{"start":{"line":30,"column":22},"end":{"line":30,"column":30}},"6":{"start":{"line":31,"column":23},"end":{"line":31,"column":58}},"7":{"start":{"line":32,"column":4},"end":{"line":32,"column":48}},"8":{"start":{"line":35,"column":30},"end":{"line":40,"column":3}},"9":{"start":{"line":36,"column":19},"end":{"line":36,"column":49}},"10":{"start":{"line":37,"column":22},"end":{"line":37,"column":57}},"11":{"start":{"line":38,"column":23},"end":{"line":38,"column":31}},"12":{"start":{"line":39,"column":4},"end":{"line":39,"column":48}},"13":{"start":{"line":42,"column":17},"end":{"line":49,"column":3}},"14":{"start":{"line":43,"column":4},"end":{"line":47,"column":6}},"15":{"start":{"line":48,"column":4},"end":{"line":48,"column":33}},"16":{"start":{"line":51,"column":2},"end":{"line":76,"column":4}},"17":{"start":{"line":59,"column":10},"end":{"line":59,"column":36}},"18":{"start":{"line":70,"column":10},"end":{"line":70,"column":37}}},"fnMap":{"0":{"name":"CardEdit","decl":{"start":{"line":11,"column":9},"end":{"line":11,"column":17}},"loc":{"start":{"line":16,"column":3},"end":{"line":77,"column":1}},"line":16},"1":{"name":"(anonymous_1)","decl":{"start":{"line":19,"column":31},"end":{"line":19,"column":32}},"loc":{"start":{"line":19,"column":58},"end":{"line":27,"column":3}},"line":19},"2":{"name":"(anonymous_2)","decl":{"start":{"line":28,"column":29},"end":{"line":28,"column":30}},"loc":{"start":{"line":28,"column":40},"end":{"line":33,"column":3}},"line":28},"3":{"name":"(anonymous_3)","decl":{"start":{"line":35,"column":30},"end":{"line":35,"column":31}},"loc":{"start":{"line":35,"column":41},"end":{"line":40,"column":3}},"line":35},"4":{"name":"(anonymous_4)","decl":{"start":{"line":42,"column":17},"end":{"line":42,"column":18}},"loc":{"start":{"line":42,"column":23},"end":{"line":49,"column":3}},"line":42},"5":{"name":"(anonymous_5)","decl":{"start":{"line":58,"column":18},"end":{"line":58,"column":19}},"loc":{"start":{"line":58,"column":29},"end":{"line":60,"column":9}},"line":58},"6":{"name":"(anonymous_6)","decl":{"start":{"line":69,"column":18},"end":{"line":69,"column":19}},"loc":{"start":{"line":69,"column":29},"end":{"line":71,"column":9}},"line":69}},"branchMap":{},"s":{"0":4,"1":4,"2":2,"3":4,"4":1,"5":1,"6":1,"7":1,"8":4,"9":1,"10":1,"11":1,"12":1,"13":4,"14":1,"15":1,"16":4,"17":1,"18":1},"f":{"0":4,"1":2,"2":1,"3":1,"4":1,"5":1,"6":1},"b":{},"_coverageSchema":"1a1c01bbd47fc00a2c39e90264f33305004495a9","hash":"be72cc3b4af2164479b97e8a8e3365ae2fd829d8"}
,"/Users/rprasad8/code/fx-rate-dashboard/fx-rate-dashboard/src/components/CardContainer/Card/CardInfo.js": {"path":"/Users/rprasad8/code/fx-rate-dashboard/fx-rate-dashboard/src/components/CardContainer/Card/CardInfo.js","statementMap":{"0":{"start":{"line":7,"column":2},"end":{"line":13,"column":4}}},"fnMap":{"0":{"name":"CardInfo","decl":{"start":{"line":4,"column":9},"end":{"line":4,"column":17}},"loc":{"start":{"line":6,"column":19},"end":{"line":14,"column":1}},"line":6}},"branchMap":{},"s":{"0":1},"f":{"0":1},"b":{},"_coverageSchema":"1a1c01bbd47fc00a2c39e90264f33305004495a9","hash":"990d7b9432cc20067b20d8691b5340eb518fff35"}
,"/Users/rprasad8/code/fx-rate-dashboard/fx-rate-dashboard/src/components/ControlBar/ControlBar.js": {"path":"/Users/rprasad8/code/fx-rate-dashboard/fx-rate-dashboard/src/components/ControlBar/ControlBar.js","statementMap":{"0":{"start":{"line":9,"column":52},"end":{"line":9,"column":77}},"1":{"start":{"line":17,"column":6},"end":{"line":17,"column":41}},"2":{"start":{"line":17,"column":29},"end":{"line":17,"column":40}},"3":{"start":{"line":18,"column":46},"end":{"line":18,"column":61}},"4":{"start":{"line":19,"column":45},"end":{"line":19,"column":59}},"5":{"start":{"line":20,"column":40},"end":{"line":20,"column":54}},"6":{"start":{"line":22,"column":19},"end":{"line":22,"column":32}},"7":{"start":{"line":24,"column":20},"end":{"line":30,"column":3}},"8":{"start":{"line":25,"column":4},"end":{"line":29,"column":5}},"9":{"start":{"line":26,"column":6},"end":{"line":26,"column":51}},"10":{"start":{"line":28,"column":6},"end":{"line":28,"column":44}},"11":{"start":{"line":32,"column":2},"end":{"line":38,"column":17}},"12":{"start":{"line":33,"column":4},"end":{"line":37,"column":5}},"13":{"start":{"line":34,"column":6},"end":{"line":34,"column":30}},"14":{"start":{"line":36,"column":6},"end":{"line":36,"column":29}},"15":{"start":{"line":40,"column":2},"end":{"line":50,"column":38}},"16":{"start":{"line":41,"column":4},"end":{"line":41,"column":42}},"17":{"start":{"line":42,"column":4},"end":{"line":49,"column":5}},"18":{"start":{"line":46,"column":6},"end":{"line":46,"column":28}},"19":{"start":{"line":48,"column":6},"end":{"line":48,"column":27}},"20":{"start":{"line":52,"column":24},"end":{"line":56,"column":3}},"21":{"start":{"line":53,"column":4},"end":{"line":53,"column":28}},"22":{"start":{"line":54,"column":4},"end":{"line":54,"column":29}},"23":{"start":{"line":55,"column":4},"end":{"line":55,"column":27}},"24":{"start":{"line":57,"column":2},"end":{"line":92,"column":4}}},"fnMap":{"0":{"name":"ControlBar","decl":{"start":{"line":8,"column":9},"end":{"line":8,"column":19}},"loc":{"start":{"line":8,"column":22},"end":{"line":93,"column":1}},"line":8},"1":{"name":"(anonymous_1)","decl":{"start":{"line":17,"column":18},"end":{"line":17,"column":19}},"loc":{"start":{"line":17,"column":29},"end":{"line":17,"column":40}},"line":17},"2":{"name":"(anonymous_2)","decl":{"start":{"line":24,"column":20},"end":{"line":24,"column":21}},"loc":{"start":{"line":24,"column":32},"end":{"line":30,"column":3}},"line":24},"3":{"name":"(anonymous_3)","decl":{"start":{"line":32,"column":12},"end":{"line":32,"column":13}},"loc":{"start":{"line":32,"column":18},"end":{"line":38,"column":3}},"line":32},"4":{"name":"(anonymous_4)","decl":{"start":{"line":40,"column":12},"end":{"line":40,"column":13}},"loc":{"start":{"line":40,"column":18},"end":{"line":50,"column":3}},"line":40},"5":{"name":"(anonymous_5)","decl":{"start":{"line":52,"column":24},"end":{"line":52,"column":25}},"loc":{"start":{"line":52,"column":30},"end":{"line":56,"column":3}},"line":52}},"branchMap":{"0":{"loc":{"start":{"line":9,"column":10},"end":{"line":9,"column":19}},"type":"default-arg","locations":[{"start":{"line":9,"column":17},"end":{"line":9,"column":19}}],"line":9},"1":{"loc":{"start":{"line":25,"column":4},"end":{"line":29,"column":5}},"type":"if","locations":[{"start":{"line":25,"column":4},"end":{"line":29,"column":5}},{"start":{"line":27,"column":11},"end":{"line":29,"column":5}}],"line":25},"2":{"loc":{"start":{"line":33,"column":4},"end":{"line":37,"column":5}},"type":"if","locations":[{"start":{"line":33,"column":4},"end":{"line":37,"column":5}},{"start":{"line":35,"column":11},"end":{"line":37,"column":5}}],"line":33},"3":{"loc":{"start":{"line":42,"column":4},"end":{"line":49,"column":5}},"type":"if","locations":[{"start":{"line":42,"column":4},"end":{"line":49,"column":5}},{"start":{"line":47,"column":11},"end":{"line":49,"column":5}}],"line":42},"4":{"loc":{"start":{"line":43,"column":6},"end":{"line":44,"column":40}},"type":"binary-expr","locations":[{"start":{"line":43,"column":6},"end":{"line":43,"column":39}},{"start":{"line":44,"column":6},"end":{"line":44,"column":40}}],"line":43},"5":{"loc":{"start":{"line":63,"column":12},"end":{"line":63,"column":79}},"type":"binary-expr","locations":[{"start":{"line":63,"column":12},"end":{"line":63,"column":23}},{"start":{"line":63,"column":27},"end":{"line":63,"column":41}},{"start":{"line":63,"column":45},"end":{"line":63,"column":65}},{"start":{"line":63,"column":69},"end":{"line":63,"column":79}}],"line":63},"6":{"loc":{"start":{"line":71,"column":20},"end":{"line":71,"column":48}},"type":"binary-expr","locations":[{"start":{"line":71,"column":20},"end":{"line":71,"column":34}},{"start":{"line":71,"column":38},"end":{"line":71,"column":48}}],"line":71},"7":{"loc":{"start":{"line":78,"column":7},"end":{"line":82,"column":7}},"type":"binary-expr","locations":[{"start":{"line":78,"column":7},"end":{"line":78,"column":14}},{"start":{"line":79,"column":8},"end":{"line":81,"column":14}}],"line":78},"8":{"loc":{"start":{"line":83,"column":7},"end":{"line":87,"column":7}},"type":"binary-expr","locations":[{"start":{"line":83,"column":7},"end":{"line":83,"column":34}},{"start":{"line":84,"column":8},"end":{"line":86,"column":14}}],"line":83},"9":{"loc":{"start":{"line":88,"column":7},"end":{"line":90,"column":7}},"type":"binary-expr","locations":[{"start":{"line":88,"column":7},"end":{"line":88,"column":21}},{"start":{"line":89,"column":8},"end":{"line":89,"column":79}}],"line":88}},"s":{"0":0,"1":0,"2":0,"3":0,"4":0,"5":0,"6":0,"7":0,"8":0,"9":0,"10":0,"11":0,"12":0,"13":0,"14":0,"15":0,"16":0,"17":0,"18":0,"19":0,"20":0,"21":0,"22":0,"23":0,"24":0},"f":{"0":0,"1":0,"2":0,"3":0,"4":0,"5":0},"b":{"0":[0],"1":[0,0],"2":[0,0],"3":[0,0],"4":[0,0],"5":[0,0,0,0],"6":[0,0],"7":[0,0],"8":[0,0],"9":[0,0]}}
,"/Users/rprasad8/code/fx-rate-dashboard/fx-rate-dashboard/src/components/ControlBar/CurrencySelectors.js": {"path":"/Users/rprasad8/code/fx-rate-dashboard/fx-rate-dashboard/src/components/ControlBar/CurrencySelectors.js","statementMap":{"0":{"start":{"line":9,"column":43},"end":{"line":9,"column":78}},"1":{"start":{"line":9,"column":66},"end":{"line":9,"column":77}},"2":{"start":{"line":10,"column":36},"end":{"line":10,"column":48}},"3":{"start":{"line":11,"column":36},"end":{"line":11,"column":48}},"4":{"start":{"line":12,"column":19},"end":{"line":12,"column":32}},"5":{"start":{"line":14,"column":2},"end":{"line":19,"column":22}},"6":{"start":{"line":15,"column":4},"end":{"line":18,"column":5}},"7":{"start":{"line":16,"column":6},"end":{"line":16,"column":61}},"8":{"start":{"line":17,"column":6},"end":{"line":17,"column":61}},"9":{"start":{"line":21,"column":27},"end":{"line":27,"column":3}},"10":{"start":{"line":22,"column":4},"end":{"line":26,"column":5}},"11":{"start":{"line":23,"column":6},"end":{"line":23,"column":57}},"12":{"start":{"line":25,"column":6},"end":{"line":25,"column":58}},"13":{"start":{"line":29,"column":2},"end":{"line":33,"column":22}},"14":{"start":{"line":30,"column":4},"end":{"line":32,"column":5}},"15":{"start":{"line":31,"column":6},"end":{"line":31,"column":86}},"16":{"start":{"line":35,"column":2},"end":{"line":39,"column":23}},"17":{"start":{"line":36,"column":4},"end":{"line":38,"column":5}},"18":{"start":{"line":37,"column":6},"end":{"line":37,"column":87}},"19":{"start":{"line":41,"column":2},"end":{"line":56,"column":4}},"20":{"start":{"line":44,"column":28},"end":{"line":44,"column":56}},"21":{"start":{"line":50,"column":28},"end":{"line":50,"column":57}}},"fnMap":{"0":{"name":"CurrencySelectors","decl":{"start":{"line":8,"column":9},"end":{"line":8,"column":26}},"loc":{"start":{"line":8,"column":44},"end":{"line":57,"column":1}},"line":8},"1":{"name":"(anonymous_1)","decl":{"start":{"line":9,"column":55},"end":{"line":9,"column":56}},"loc":{"start":{"line":9,"column":66},"end":{"line":9,"column":77}},"line":9},"2":{"name":"(anonymous_2)","decl":{"start":{"line":14,"column":12},"end":{"line":14,"column":13}},"loc":{"start":{"line":14,"column":18},"end":{"line":19,"column":3}},"line":14},"3":{"name":"(anonymous_3)","decl":{"start":{"line":21,"column":27},"end":{"line":21,"column":28}},"loc":{"start":{"line":21,"column":47},"end":{"line":27,"column":3}},"line":21},"4":{"name":"(anonymous_4)","decl":{"start":{"line":29,"column":12},"end":{"line":29,"column":13}},"loc":{"start":{"line":29,"column":18},"end":{"line":33,"column":3}},"line":29},"5":{"name":"(anonymous_5)","decl":{"start":{"line":35,"column":12},"end":{"line":35,"column":13}},"loc":{"start":{"line":35,"column":18},"end":{"line":39,"column":3}},"line":35},"6":{"name":"(anonymous_6)","decl":{"start":{"line":44,"column":18},"end":{"line":44,"column":19}},"loc":{"start":{"line":44,"column":28},"end":{"line":44,"column":56}},"line":44},"7":{"name":"(anonymous_7)","decl":{"start":{"line":50,"column":18},"end":{"line":50,"column":19}},"loc":{"start":{"line":50,"column":28},"end":{"line":50,"column":57}},"line":50}},"branchMap":{"0":{"loc":{"start":{"line":15,"column":4},"end":{"line":18,"column":5}},"type":"if","locations":[{"start":{"line":15,"column":4},"end":{"line":18,"column":5}},{"start":{},"end":{}}],"line":15},"1":{"loc":{"start":{"line":15,"column":8},"end":{"line":15,"column":64}},"type":"binary-expr","locations":[{"start":{"line":15,"column":8},"end":{"line":15,"column":21}},{"start":{"line":15,"column":25},"end":{"line":15,"column":64}}],"line":15},"2":{"loc":{"start":{"line":22,"column":4},"end":{"line":26,"column":5}},"type":"if","locations":[{"start":{"line":22,"column":4},"end":{"line":26,"column":5}},{"start":{"line":24,"column":11},"end":{"line":26,"column":5}}],"line":22},"3":{"loc":{"start":{"line":30,"column":4},"end":{"line":32,"column":5}},"type":"if","locations":[{"start":{"line":30,"column":4},"end":{"line":32,"column":5}},{"start":{},"end":{}}],"line":30},"4":{"loc":{"start":{"line":30,"column":8},"end":{"line":30,"column":65}},"type":"binary-expr","locations":[{"start":{"line":30,"column":8},"end":{"line":30,"column":21}},{"start":{"line":30,"column":26},"end":{"line":30,"column":65}}],"line":30},"5":{"loc":{"start":{"line":36,"column":4},"end":{"line":38,"column":5}},"type":"if","locations":[{"start":{"line":36,"column":4},"end":{"line":38,"column":5}},{"start":{},"end":{}}],"line":36},"6":{"loc":{"start":{"line":36,"column":9},"end":{"line":36,"column":66}},"type":"binary-expr","locations":[{"start":{"line":36,"column":9},"end":{"line":36,"column":22}},{"start":{"line":36,"column":27},"end":{"line":36,"column":66}}],"line":36}},"s":{"0":0,"1":0,"2":0,"3":0,"4":0,"5":0,"6":0,"7":0,"8":0,"9":0,"10":0,"11":0,"12":0,"13":0,"14":0,"15":0,"16":0,"17":0,"18":0,"19":0,"20":0,"21":0},"f":{"0":0,"1":0,"2":0,"3":0,"4":0,"5":0,"6":0,"7":0},"b":{"0":[0,0],"1":[0,0],"2":[0,0],"3":[0,0],"4":[0,0],"5":[0,0],"6":[0,0]}}
,"/Users/rprasad8/code/fx-rate-dashboard/fx-rate-dashboard/src/components/SortToolBar/SortToolBar.js": {"path":"/Users/rprasad8/code/fx-rate-dashboard/fx-rate-dashboard/src/components/SortToolBar/SortToolBar.js","statementMap":{"0":{"start":{"line":14,"column":22},"end":{"line":14,"column":41}},"1":{"start":{"line":15,"column":27},"end":{"line":15,"column":74}},"2":{"start":{"line":15,"column":50},"end":{"line":15,"column":73}},"3":{"start":{"line":16,"column":19},"end":{"line":16,"column":32}},"4":{"start":{"line":18,"column":22},"end":{"line":21,"column":3}},"5":{"start":{"line":19,"column":4},"end":{"line":19,"column":48}},"6":{"start":{"line":20,"column":4},"end":{"line":20,"column":43}},"7":{"start":{"line":23,"column":2},"end":{"line":55,"column":4}},"8":{"start":{"line":26,"column":8},"end":{"line":52,"column":17}},"9":{"start":{"line":30,"column":12},"end":{"line":34,"column":13}}},"fnMap":{"0":{"name":"SortToolBar","decl":{"start":{"line":13,"column":9},"end":{"line":13,"column":20}},"loc":{"start":{"line":13,"column":23},"end":{"line":56,"column":1}},"line":13},"1":{"name":"(anonymous_1)","decl":{"start":{"line":15,"column":39},"end":{"line":15,"column":40}},"loc":{"start":{"line":15,"column":50},"end":{"line":15,"column":73}},"line":15},"2":{"name":"(anonymous_2)","decl":{"start":{"line":18,"column":22},"end":{"line":18,"column":23}},"loc":{"start":{"line":18,"column":52},"end":{"line":21,"column":3}},"line":18},"3":{"name":"(anonymous_3)","decl":{"start":{"line":25,"column":23},"end":{"line":25,"column":24}},"loc":{"start":{"line":26,"column":8},"end":{"line":52,"column":17}},"line":26},"4":{"name":"(anonymous_4)","decl":{"start":{"line":29,"column":19},"end":{"line":29,"column":20}},"loc":{"start":{"line":30,"column":12},"end":{"line":34,"column":13}},"line":30}},"branchMap":{"0":{"loc":{"start":{"line":28,"column":36},"end":{"line":28,"column":76}},"type":"cond-expr","locations":[{"start":{"line":28,"column":60},"end":{"line":28,"column":71}},{"start":{"line":28,"column":74},"end":{"line":28,"column":76}}],"line":28},"1":{"loc":{"start":{"line":32,"column":14},"end":{"line":32,"column":68}},"type":"cond-expr","locations":[{"start":{"line":32,"column":42},"end":{"line":32,"column":54}},{"start":{"line":32,"column":57},"end":{"line":32,"column":68}}],"line":32},"2":{"loc":{"start":{"line":42,"column":16},"end":{"line":46,"column":26}},"type":"cond-expr","locations":[{"start":{"line":43,"column":20},"end":{"line":45,"column":32}},{"start":{"line":46,"column":20},"end":{"line":46,"column":26}}],"line":42},"3":{"loc":{"start":{"line":43,"column":20},"end":{"line":45,"column":32}},"type":"cond-expr","locations":[{"start":{"line":44,"column":22},"end":{"line":44,"column":30}},{"start":{"line":45,"column":22},"end":{"line":45,"column":32}}],"line":43}},"s":{"0":0,"1":0,"2":0,"3":0,"4":0,"5":0,"6":0,"7":0,"8":0,"9":0},"f":{"0":0,"1":0,"2":0,"3":0,"4":0},"b":{"0":[0,0],"1":[0,0],"2":[0,0],"3":[0,0]}}
,"/Users/rprasad8/code/fx-rate-dashboard/fx-rate-dashboard/src/redux/store.js": {"path":"/Users/rprasad8/code/fx-rate-dashboard/fx-rate-dashboard/src/redux/store.js","statementMap":{"0":{"start":{"line":6,"column":21},"end":{"line":14,"column":2}},"1":{"start":{"line":13,"column":4},"end":{"line":13,"column":59}}},"fnMap":{"0":{"name":"(anonymous_0)","decl":{"start":{"line":12,"column":14},"end":{"line":12,"column":15}},"loc":{"start":{"line":13,"column":4},"end":{"line":13,"column":59}},"line":13}},"branchMap":{},"s":{"0":0,"1":0},"f":{"0":0},"b":{}}
,"/Users/rprasad8/code/fx-rate-dashboard/fx-rate-dashboard/src/redux/slices/cardSlice.js": {"path":"/Users/rprasad8/code/fx-rate-dashboard/fx-rate-dashboard/src/redux/slices/cardSlice.js","statementMap":{"0":{"start":{"line":6,"column":28},"end":{"line":21,"column":1}},"1":{"start":{"line":22,"column":33},"end":{"line":34,"column":1}},"2":{"start":{"line":25,"column":20},"end":{"line":25,"column":30}},"3":{"start":{"line":26,"column":4},"end":{"line":28,"column":5}},"4":{"start":{"line":27,"column":6},"end":{"line":27,"column":13}},"5":{"start":{"line":29,"column":21},"end":{"line":31,"column":5}},"6":{"start":{"line":32,"column":4},"end":{"line":32,"column":119}},"7":{"start":{"line":35,"column":25},"end":{"line":165,"column":2}},"8":{"start":{"line":40,"column":6},"end":{"line":40,"column":43}},"9":{"start":{"line":41,"column":6},"end":{"line":41,"column":103}},"10":{"start":{"line":42,"column":6},"end":{"line":42,"column":48}},"11":{"start":{"line":45,"column":6},"end":{"line":45,"column":44}},"12":{"start":{"line":46,"column":6},"end":{"line":46,"column":103}},"13":{"start":{"line":47,"column":6},"end":{"line":47,"column":48}},"14":{"start":{"line":51,"column":15},"end":{"line":51,"column":25}},"15":{"start":{"line":53,"column":6},"end":{"line":53,"column":35}},"16":{"start":{"line":54,"column":6},"end":{"line":54,"column":38}},"17":{"start":{"line":56,"column":6},"end":{"line":58,"column":9}},"18":{"start":{"line":59,"column":6},"end":{"line":61,"column":10}},"19":{"start":{"line":62,"column":6},"end":{"line":62,"column":77}},"20":{"start":{"line":64,"column":6},"end":{"line":64,"column":53}},"21":{"start":{"line":67,"column":6},"end":{"line":68,"column":19}},"22":{"start":{"line":71,"column":18},"end":{"line":71,"column":86}},"23":{"start":{"line":71,"column":62},"end":{"line":71,"column":85}},"24":{"start":{"line":72,"column":6},"end":{"line":80,"column":7}},"25":{"start":{"line":73,"column":22},"end":{"line":73,"column":53}},"26":{"start":{"line":74,"column":8},"end":{"line":74,"column":33}},"27":{"start":{"line":75,"column":8},"end":{"line":75,"column":39}},"28":{"start":{"line":76,"column":8},"end":{"line":76,"column":45}},"29":{"start":{"line":78,"column":8},"end":{"line":79,"column":26}},"30":{"start":{"line":83,"column":18},"end":{"line":83,"column":82}},"31":{"start":{"line":83,"column":58},"end":{"line":83,"column":81}},"32":{"start":{"line":84,"column":6},"end":{"line":86,"column":7}},"33":{"start":{"line":85,"column":8},"end":{"line":85,"column":55}},"34":{"start":{"line":87,"column":6},"end":{"line":93,"column":7}},"35":{"start":{"line":88,"column":8},"end":{"line":92,"column":10}},"36":{"start":{"line":90,"column":10},"end":{"line":91,"column":53}},"37":{"start":{"line":96,"column":19},"end":{"line":96,"column":52}},"38":{"start":{"line":97,"column":6},"end":{"line":97,"column":48}},"39":{"start":{"line":98,"column":6},"end":{"line":98,"column":26}},"40":{"start":{"line":99,"column":6},"end":{"line":99,"column":47}},"41":{"start":{"line":100,"column":6},"end":{"line":100,"column":34}},"42":{"start":{"line":104,"column":19},"end":{"line":104,"column":52}},"43":{"start":{"line":105,"column":6},"end":{"line":105,"column":50}},"44":{"start":{"line":106,"column":6},"end":{"line":106,"column":52}},"45":{"start":{"line":107,"column":6},"end":{"line":107,"column":34}},"46":{"start":{"line":110,"column":6},"end":{"line":110,"column":26}},"47":{"start":{"line":111,"column":6},"end":{"line":111,"column":28}},"48":{"start":{"line":112,"column":6},"end":{"line":112,"column":39}},"49":{"start":{"line":113,"column":6},"end":{"line":113,"column":39}},"50":{"start":{"line":114,"column":6},"end":{"line":114,"column":34}},"51":{"start":{"line":115,"column":6},"end":{"line":115,"column":38}},"52":{"start":{"line":116,"column":6},"end":{"line":116,"column":48}},"53":{"start":{"line":120,"column":6},"end":{"line":120,"column":63}},"54":{"start":{"line":121,"column":6},"end":{"line":121,"column":67}},"55":{"start":{"line":122,"column":6},"end":{"line":122,"column":53}},"56":{"start":{"line":126,"column":16},"end":{"line":126,"column":18}},"57":{"start":{"line":127,"column":6},"end":{"line":139,"column":7}},"58":{"start":{"line":129,"column":10},"end":{"line":129,"column":52}},"59":{"start":{"line":130,"column":10},"end":{"line":130,"column":16}},"60":{"start":{"line":132,"column":10},"end":{"line":132,"column":51}},"61":{"start":{"line":133,"column":10},"end":{"line":133,"column":16}},"62":{"start":{"line":135,"column":10},"end":{"line":135,"column":47}},"63":{"start":{"line":136,"column":10},"end":{"line":136,"column":16}},"64":{"start":{"line":138,"column":10},"end":{"line":138,"column":57}},"65":{"start":{"line":140,"column":6},"end":{"line":141,"column":91}},"66":{"start":{"line":145,"column":4},"end":{"line":163,"column":7}},"67":{"start":{"line":146,"column":6},"end":{"line":146,"column":41}},"68":{"start":{"line":147,"column":6},"end":{"line":157,"column":7}},"69":{"start":{"line":148,"column":8},"end":{"line":148,"column":50}},"70":{"start":{"line":149,"column":24},"end":{"line":153,"column":9}},"71":{"start":{"line":154,"column":8},"end":{"line":154,"column":55}},"72":{"start":{"line":156,"column":7},"end":{"line":156,"column":48}},"73":{"start":{"line":159,"column":6},"end":{"line":159,"column":40}},"74":{"start":{"line":161,"column":6},"end":{"line":161,"column":41}},"75":{"start":{"line":162,"column":6},"end":{"line":162,"column":47}},"76":{"start":{"line":179,"column":4},"end":{"line":179,"column":21}}},"fnMap":{"0":{"name":"(anonymous_0)","decl":{"start":{"line":24,"column":2},"end":{"line":24,"column":3}},"loc":{"start":{"line":24,"column":29},"end":{"line":33,"column":3}},"line":24},"1":{"name":"(anonymous_1)","decl":{"start":{"line":39,"column":25},"end":{"line":39,"column":26}},"loc":{"start":{"line":39,"column":44},"end":{"line":43,"column":5}},"line":39},"2":{"name":"(anonymous_2)","decl":{"start":{"line":44,"column":26},"end":{"line":44,"column":27}},"loc":{"start":{"line":44,"column":45},"end":{"line":48,"column":5}},"line":44},"3":{"name":"(anonymous_3)","decl":{"start":{"line":49,"column":13},"end":{"line":49,"column":14}},"loc":{"start":{"line":49,"column":33},"end":{"line":65,"column":5}},"line":49},"4":{"name":"(anonymous_4)","decl":{"start":{"line":66,"column":33},"end":{"line":66,"column":34}},"loc":{"start":{"line":66,"column":53},"end":{"line":69,"column":5}},"line":66},"5":{"name":"(anonymous_5)","decl":{"start":{"line":70,"column":32},"end":{"line":70,"column":33}},"loc":{"start":{"line":70,"column":51},"end":{"line":81,"column":5}},"line":70},"6":{"name":"(anonymous_6)","decl":{"start":{"line":71,"column":55},"end":{"line":71,"column":56}},"loc":{"start":{"line":71,"column":62},"end":{"line":71,"column":85}},"line":71},"7":{"name":"(anonymous_7)","decl":{"start":{"line":82,"column":28},"end":{"line":82,"column":29}},"loc":{"start":{"line":82,"column":47},"end":{"line":94,"column":5}},"line":82},"8":{"name":"(anonymous_8)","decl":{"start":{"line":83,"column":51},"end":{"line":83,"column":52}},"loc":{"start":{"line":83,"column":58},"end":{"line":83,"column":81}},"line":83},"9":{"name":"(anonymous_9)","decl":{"start":{"line":89,"column":10},"end":{"line":89,"column":11}},"loc":{"start":{"line":90,"column":10},"end":{"line":91,"column":53}},"line":90},"10":{"name":"(anonymous_10)","decl":{"start":{"line":95,"column":28},"end":{"line":95,"column":29}},"loc":{"start":{"line":95,"column":47},"end":{"line":102,"column":5}},"line":95},"11":{"name":"(anonymous_11)","decl":{"start":{"line":103,"column":22},"end":{"line":103,"column":23}},"loc":{"start":{"line":103,"column":41},"end":{"line":108,"column":5}},"line":103},"12":{"name":"(anonymous_12)","decl":{"start":{"line":109,"column":17},"end":{"line":109,"column":18}},"loc":{"start":{"line":109,"column":28},"end":{"line":117,"column":5}},"line":109},"13":{"name":"(anonymous_13)","decl":{"start":{"line":119,"column":16},"end":{"line":119,"column":17}},"loc":{"start":{"line":119,"column":35},"end":{"line":123,"column":5}},"line":119},"14":{"name":"(anonymous_14)","decl":{"start":{"line":125,"column":22},"end":{"line":125,"column":23}},"loc":{"start":{"line":125,"column":33},"end":{"line":142,"column":5}},"line":125},"15":{"name":"(anonymous_15)","decl":{"start":{"line":144,"column":2},"end":{"line":144,"column":3}},"loc":{"start":{"line":144,"column":25},"end":{"line":164,"column":3}},"line":144},"16":{"name":"(anonymous_16)","decl":{"start":{"line":145,"column":49},"end":{"line":145,"column":50}},"loc":{"start":{"line":145,"column":68},"end":{"line":158,"column":5}},"line":145},"17":{"name":"(anonymous_17)","decl":{"start":{"line":158,"column":42},"end":{"line":158,"column":43}},"loc":{"start":{"line":158,"column":59},"end":{"line":160,"column":5}},"line":158},"18":{"name":"(anonymous_18)","decl":{"start":{"line":160,"column":43},"end":{"line":160,"column":44}},"loc":{"start":{"line":160,"column":61},"end":{"line":163,"column":5}},"line":160}},"branchMap":{"0":{"loc":{"start":{"line":26,"column":4},"end":{"line":28,"column":5}},"type":"if","locations":[{"start":{"line":26,"column":4},"end":{"line":28,"column":5}},{"start":{},"end":{}}],"line":26},"1":{"loc":{"start":{"line":26,"column":8},"end":{"line":26,"column":121}},"type":"binary-expr","locations":[{"start":{"line":26,"column":8},"end":{"line":26,"column":32}},{"start":{"line":26,"column":36},"end":{"line":26,"column":76}},{"start":{"line":26,"column":80},"end":{"line":26,"column":121}}],"line":26},"2":{"loc":{"start":{"line":72,"column":6},"end":{"line":80,"column":7}},"type":"if","locations":[{"start":{"line":72,"column":6},"end":{"line":80,"column":7}},{"start":{"line":77,"column":13},"end":{"line":80,"column":7}}],"line":72},"3":{"loc":{"start":{"line":84,"column":6},"end":{"line":86,"column":7}},"type":"if","locations":[{"start":{"line":84,"column":6},"end":{"line":86,"column":7}},{"start":{},"end":{}}],"line":84},"4":{"loc":{"start":{"line":87,"column":6},"end":{"line":93,"column":7}},"type":"if","locations":[{"start":{"line":87,"column":6},"end":{"line":93,"column":7}},{"start":{},"end":{}}],"line":87},"5":{"loc":{"start":{"line":127,"column":6},"end":{"line":139,"column":7}},"type":"switch","locations":[{"start":{"line":128,"column":8},"end":{"line":130,"column":16}},{"start":{"line":131,"column":8},"end":{"line":133,"column":16}},{"start":{"line":134,"column":8},"end":{"line":136,"column":16}},{"start":{"line":137,"column":8},"end":{"line":138,"column":57}}],"line":127},"6":{"loc":{"start":{"line":141,"column":8},"end":{"line":141,"column":90}},"type":"cond-expr","locations":[{"start":{"line":141,"column":71},"end":{"line":141,"column":74}},{"start":{"line":141,"column":77},"end":{"line":141,"column":90}}],"line":141},"7":{"loc":{"start":{"line":147,"column":6},"end":{"line":157,"column":7}},"type":"if","locations":[{"start":{"line":147,"column":6},"end":{"line":157,"column":7}},{"start":{"line":155,"column":13},"end":{"line":157,"column":7}}],"line":147},"8":{"loc":{"start":{"line":147,"column":10},"end":{"line":147,"column":75}},"type":"binary-expr","locations":[{"start":{"line":147,"column":10},"end":{"line":147,"column":41}},{"start":{"line":147,"column":45},"end":{"line":147,"column":75}}],"line":147}},"s":{"0":1,"1":1,"2":0,"3":0,"4":0,"5":0,"6":0,"7":1,"8":0,"9":0,"10":0,"11":0,"12":0,"13":0,"14":0,"15":0,"16":0,"17":0,"18":0,"19":0,"20":0,"21":0,"22":0,"23":0,"24":0,"25":0,"26":0,"27":0,"28":0,"29":0,"30":0,"31":0,"32":0,"33":0,"34":0,"35":0,"36":0,"37":0,"38":0,"39":0,"40":0,"41":0,"42":0,"43":0,"44":0,"45":0,"46":0,"47":0,"48":0,"49":0,"50":0,"51":0,"52":0,"53":0,"54":0,"55":0,"56":0,"57":0,"58":0,"59":0,"60":0,"61":0,"62":0,"63":0,"64":0,"65":0,"66":0,"67":0,"68":0,"69":0,"70":0,"71":0,"72":0,"73":0,"74":0,"75":0,"76":1},"f":{"0":0,"1":0,"2":0,"3":0,"4":0,"5":0,"6":0,"7":0,"8":0,"9":0,"10":0,"11":0,"12":0,"13":0,"14":0,"15":0,"16":0,"17":0,"18":0},"b":{"0":[0,0],"1":[0,0,0],"2":[0,0],"3":[0,0],"4":[0,0],"5":[0,0,0,0],"6":[0,0],"7":[0,0],"8":[0,0]},"_coverageSchema":"1a1c01bbd47fc00a2c39e90264f33305004495a9","hash":"426bf0f7c04cd0ef01ec63169cd8aefdff39a19a"}
,"/Users/rprasad8/code/fx-rate-dashboard/fx-rate-dashboard/src/redux/slices/currencyApiSlice.js": {"path":"/Users/rprasad8/code/fx-rate-dashboard/fx-rate-dashboard/src/redux/slices/currencyApiSlice.js","statementMap":{"0":{"start":{"line":3,"column":29},"end":{"line":22,"column":2}},"1":{"start":{"line":8,"column":27},"end":{"line":17,"column":3}},"2":{"start":{"line":10,"column":19},"end":{"line":10,"column":29}},"3":{"start":{"line":13,"column":31},"end":{"line":13,"column":101}},"4":{"start":{"line":14,"column":46},"end":{"line":14,"column":56}},"5":{"start":{"line":15,"column":31},"end":{"line":15,"column":51}},"6":{"start":{"line":19,"column":4},"end":{"line":20,"column":7}},"7":{"start":{"line":24,"column":62},"end":{"line":24,"column":75}}},"fnMap":{"0":{"name":"(anonymous_0)","decl":{"start":{"line":8,"column":13},"end":{"line":8,"column":14}},"loc":{"start":{"line":8,"column":27},"end":{"line":17,"column":3}},"line":8},"1":{"name":"(anonymous_1)","decl":{"start":{"line":10,"column":13},"end":{"line":10,"column":14}},"loc":{"start":{"line":10,"column":19},"end":{"line":10,"column":29}},"line":10},"2":{"name":"(anonymous_2)","decl":{"start":{"line":13,"column":15},"end":{"line":13,"column":16}},"loc":{"start":{"line":13,"column":31},"end":{"line":13,"column":101}},"line":13},"3":{"name":"(anonymous_3)","decl":{"start":{"line":14,"column":22},"end":{"line":14,"column":23}},"loc":{"start":{"line":14,"column":46},"end":{"line":14,"column":56}},"line":14},"4":{"name":"(anonymous_4)","decl":{"start":{"line":15,"column":25},"end":{"line":15,"column":26}},"loc":{"start":{"line":15,"column":31},"end":{"line":15,"column":51}},"line":15},"5":{"name":"(anonymous_5)","decl":{"start":{"line":18,"column":17},"end":{"line":18,"column":18}},"loc":{"start":{"line":18,"column":30},"end":{"line":21,"column":3}},"line":18},"6":{"name":"(anonymous_6)","decl":{"start":{"line":19,"column":65},"end":{"line":19,"column":66}},"loc":{"start":{"line":19,"column":84},"end":{"line":20,"column":5}},"line":19}},"branchMap":{},"s":{"0":0,"1":0,"2":0,"3":0,"4":0,"5":0,"6":0,"7":0},"f":{"0":0,"1":0,"2":0,"3":0,"4":0,"5":0,"6":0},"b":{}}
,"/Users/rprasad8/code/fx-rate-dashboard/fx-rate-dashboard/src/redux/slices/sortSlice.js": {"path":"/Users/rprasad8/code/fx-rate-dashboard/fx-rate-dashboard/src/redux/slices/sortSlice.js","statementMap":{"0":{"start":{"line":5,"column":25},"end":{"line":13,"column":2}},"1":{"start":{"line":10,"column":8},"end":{"line":10,"column":40}},"2":{"start":{"line":18,"column":4},"end":{"line":18,"column":21}}},"fnMap":{"0":{"name":"(anonymous_0)","decl":{"start":{"line":9,"column":17},"end":{"line":9,"column":18}},"loc":{"start":{"line":9,"column":28},"end":{"line":11,"column":5}},"line":9}},"branchMap":{},"s":{"0":0,"1":0,"2":0},"f":{"0":0},"b":{}}
,"/Users/rprasad8/code/fx-rate-dashboard/fx-rate-dashboard/src/utility/cardsUtility.js": {"path":"/Users/rprasad8/code/fx-rate-dashboard/fx-rate-dashboard/src/utility/cardsUtility.js","statementMap":{"0":{"start":{"line":1,"column":26},"end":{"line":12,"column":1}},"1":{"start":{"line":2,"column":2},"end":{"line":11,"column":4}},"2":{"start":{"line":14,"column":26},"end":{"line":23,"column":3}},"3":{"start":{"line":15,"column":2},"end":{"line":21,"column":3}},"4":{"start":{"line":16,"column":4},"end":{"line":20,"column":14}},"5":{"start":{"line":22,"column":4},"end":{"line":22,"column":17}}},"fnMap":{"0":{"name":"(anonymous_0)","decl":{"start":{"line":1,"column":26},"end":{"line":1,"column":27}},"loc":{"start":{"line":1,"column":75},"end":{"line":12,"column":1}},"line":1},"1":{"name":"(anonymous_1)","decl":{"start":{"line":14,"column":26},"end":{"line":14,"column":27}},"loc":{"start":{"line":14,"column":71},"end":{"line":23,"column":3}},"line":14}},"branchMap":{"0":{"loc":{"start":{"line":15,"column":2},"end":{"line":21,"column":3}},"type":"if","locations":[{"start":{"line":15,"column":2},"end":{"line":21,"column":3}},{"start":{},"end":{}}],"line":15},"1":{"loc":{"start":{"line":16,"column":11},"end":{"line":20,"column":13}},"type":"cond-expr","locations":[{"start":{"line":19,"column":8},"end":{"line":19,"column":12}},{"start":{"line":20,"column":8},"end":{"line":20,"column":13}}],"line":16}},"s":{"0":1,"1":0,"2":1,"3":0,"4":0,"5":0},"f":{"0":0,"1":0},"b":{"0":[0,0],"1":[0,0]},"_coverageSchema":"1a1c01bbd47fc00a2c39e90264f33305004495a9","hash":"29b801d24066096c9a14a188a0b145d415f61e1d"}
,"/Users/rprasad8/code/fx-rate-dashboard/fx-rate-dashboard/src/utility/clientApi.js": {"path":"/Users/rprasad8/code/fx-rate-dashboard/fx-rate-dashboard/src/utility/clientApi.js","statementMap":{"0":{"start":{"line":5,"column":20},"end":{"line":5,"column":58}},"1":{"start":{"line":7,"column":19},"end":{"line":14,"column":5}},"2":{"start":{"line":16,"column":4},"end":{"line":18,"column":5}},"3":{"start":{"line":17,"column":6},"end":{"line":17,"column":40}},"4":{"start":{"line":21,"column":4},"end":{"line":36,"column":5}},"5":{"start":{"line":22,"column":23},"end":{"line":22,"column":59}},"6":{"start":{"line":23,"column":6},"end":{"line":23,"column":34}},"7":{"start":{"line":24,"column":6},"end":{"line":32,"column":7}},"8":{"start":{"line":26,"column":8},"end":{"line":31,"column":9}},"9":{"start":{"line":33,"column":6},"end":{"line":33,"column":42}},"10":{"start":{"line":35,"column":6},"end":{"line":35,"column":61}},"11":{"start":{"line":39,"column":2},"end":{"line":41,"column":3}},"12":{"start":{"line":40,"column":4},"end":{"line":40,"column":82}},"13":{"start":{"line":43,"column":2},"end":{"line":45,"column":3}},"14":{"start":{"line":44,"column":4},"end":{"line":44,"column":54}}},"fnMap":{"0":{"name":"client","decl":{"start":{"line":4,"column":22},"end":{"line":4,"column":28}},"loc":{"start":{"line":4,"column":71},"end":{"line":37,"column":3}},"line":4},"1":{"name":"(anonymous_1)","decl":{"start":{"line":39,"column":15},"end":{"line":39,"column":16}},"loc":{"start":{"line":39,"column":49},"end":{"line":41,"column":3}},"line":39},"2":{"name":"(anonymous_2)","decl":{"start":{"line":43,"column":16},"end":{"line":43,"column":17}},"loc":{"start":{"line":43,"column":61},"end":{"line":45,"column":3}},"line":43}},"branchMap":{"0":{"loc":{"start":{"line":4,"column":39},"end":{"line":4,"column":69}},"type":"default-arg","locations":[{"start":{"line":4,"column":67},"end":{"line":4,"column":69}}],"line":4},"1":{"loc":{"start":{"line":8,"column":14},"end":{"line":8,"column":35}},"type":"cond-expr","locations":[{"start":{"line":8,"column":21},"end":{"line":8,"column":27}},{"start":{"line":8,"column":30},"end":{"line":8,"column":35}}],"line":8},"2":{"loc":{"start":{"line":16,"column":4},"end":{"line":18,"column":5}},"type":"if","locations":[{"start":{"line":16,"column":4},"end":{"line":18,"column":5}},{"start":{},"end":{}}],"line":16},"3":{"loc":{"start":{"line":24,"column":6},"end":{"line":32,"column":7}},"type":"if","locations":[{"start":{"line":24,"column":6},"end":{"line":32,"column":7}},{"start":{},"end":{}}],"line":24},"4":{"loc":{"start":{"line":35,"column":28},"end":{"line":35,"column":60}},"type":"cond-expr","locations":[{"start":{"line":35,"column":42},"end":{"line":35,"column":53}},{"start":{"line":35,"column":56},"end":{"line":35,"column":60}}],"line":35},"5":{"loc":{"start":{"line":43,"column":42},"end":{"line":43,"column":59}},"type":"default-arg","locations":[{"start":{"line":43,"column":57},"end":{"line":43,"column":59}}],"line":43}},"s":{"0":0,"1":0,"2":0,"3":0,"4":0,"5":0,"6":0,"7":0,"8":0,"9":0,"10":0,"11":1,"12":0,"13":1,"14":0},"f":{"0":0,"1":0,"2":0},"b":{"0":[0],"1":[0,0],"2":[0,0],"3":[0,0],"4":[0,0],"5":[0]},"_coverageSchema":"1a1c01bbd47fc00a2c39e90264f33305004495a9","hash":"fe4f173635ceb0fb6dc3583ebe4d8e097952633a"}
,"/Users/rprasad8/code/fx-rate-dashboard/fx-rate-dashboard/src/utility/currencyUtility.js": {"path":"/Users/rprasad8/code/fx-rate-dashboard/fx-rate-dashboard/src/utility/currencyUtility.js","statementMap":{"0":{"start":{"line":1,"column":41},"end":{"line":13,"column":1}},"1":{"start":{"line":2,"column":18},"end":{"line":2,"column":36}},"2":{"start":{"line":3,"column":2},"end":{"line":5,"column":3}},"3":{"start":{"line":4,"column":4},"end":{"line":4,"column":35}},"4":{"start":{"line":6,"column":23},"end":{"line":11,"column":4}},"5":{"start":{"line":7,"column":4},"end":{"line":10,"column":6}},"6":{"start":{"line":12,"column":2},"end":{"line":12,"column":22}}},"fnMap":{"0":{"name":"(anonymous_0)","decl":{"start":{"line":1,"column":41},"end":{"line":1,"column":42}},"loc":{"start":{"line":1,"column":74},"end":{"line":13,"column":1}},"line":1},"1":{"name":"(anonymous_1)","decl":{"start":{"line":6,"column":50},"end":{"line":6,"column":51}},"loc":{"start":{"line":6,"column":60},"end":{"line":11,"column":3}},"line":6}},"branchMap":{"0":{"loc":{"start":{"line":3,"column":2},"end":{"line":5,"column":3}},"type":"if","locations":[{"start":{"line":3,"column":2},"end":{"line":5,"column":3}},{"start":{},"end":{}}],"line":3}},"s":{"0":0,"1":0,"2":0,"3":0,"4":0,"5":0,"6":0},"f":{"0":0,"1":0},"b":{"0":[0,0]}}
}
